{
  "stats": {
    "suites": 0,
    "tests": 5,
    "passes": 4,
    "pending": 0,
    "failures": 1,
    "start": "2023-02-26T07:41:10.064Z",
    "end": "2023-02-26T07:41:36.027Z",
    "duration": 25963,
    "testsRegistered": 5,
    "passPercent": 80,
    "pendingPercent": 0,
    "other": 0,
    "hasOther": false,
    "skipped": 0,
    "hasSkipped": false
  },
  "results": [
    {
      "uuid": "0583dca4-961f-4314-827b-ff8555e4b63e",
      "title": "",
      "fullFile": "cypress/integration/login.ts",
      "file": "cypress/integration/login.ts",
      "beforeHooks": [],
      "afterHooks": [],
      "tests": [
        {
          "title": "Test LOGIN",
          "fullTitle": "Test LOGIN",
          "timedOut": null,
          "duration": 6493,
          "state": "passed",
          "speed": "medium",
          "pass": true,
          "fail": false,
          "pending": false,
          "context": null,
          "code": "loginPage.login(URL, 'standard_user', 'secret_sauce');\nloginPage.assertLogin();",
          "err": {},
          "uuid": "40c7ce16-88cd-43d6-a089-aa5d3287c264",
          "parentUUID": "0583dca4-961f-4314-827b-ff8555e4b63e",
          "isHook": false,
          "skipped": false
        },
        {
          "title": "Test Sauce Demo Invalid Password",
          "fullTitle": "Test Sauce Demo Invalid Password",
          "timedOut": null,
          "duration": 3153,
          "state": "passed",
          "speed": "fast",
          "pass": true,
          "fail": false,
          "pending": false,
          "context": null,
          "code": "loginPage.login(URL, 'standard_user', 'invalidPass');\nloginPage.assertLoginFail();",
          "err": {},
          "uuid": "f7051395-6b4f-4853-b161-4c523d809f18",
          "parentUUID": "0583dca4-961f-4314-827b-ff8555e4b63e",
          "isHook": false,
          "skipped": false
        },
        {
          "title": "Test Sauce Demo Sauce labs product backpack",
          "fullTitle": "Test Sauce Demo Sauce labs product backpack",
          "timedOut": null,
          "duration": 2294,
          "state": "passed",
          "speed": "fast",
          "pass": true,
          "fail": false,
          "pending": false,
          "context": null,
          "code": "loginPage.login(URL, 'standard_user', 'secret_sauce');\nloginPage.assertLogin();\ndashboardPage.sauceLabsBackpack();",
          "err": {},
          "uuid": "53514e99-1996-43df-9868-43659d3889da",
          "parentUUID": "0583dca4-961f-4314-827b-ff8555e4b63e",
          "isHook": false,
          "skipped": false
        },
        {
          "title": "Test Sauce Demo Sauce labs add to cart product backpack",
          "fullTitle": "Test Sauce Demo Sauce labs add to cart product backpack",
          "timedOut": null,
          "duration": 2664,
          "state": "passed",
          "speed": "fast",
          "pass": true,
          "fail": false,
          "pending": false,
          "context": null,
          "code": "loginPage.login(URL, 'standard_user', 'secret_sauce');\nloginPage.assertLogin();\ndashboardPage.sauceLabsBackpack();\naddTocart.addItem();",
          "err": {},
          "uuid": "c5fedef6-c9d7-4774-8ebe-0a04cf68ab42",
          "parentUUID": "0583dca4-961f-4314-827b-ff8555e4b63e",
          "isHook": false,
          "skipped": false
        },
        {
          "title": "Test Sauce Demo Sauce labs remove produk from cart",
          "fullTitle": "Test Sauce Demo Sauce labs remove produk from cart",
          "timedOut": null,
          "duration": 6965,
          "state": "failed",
          "speed": null,
          "pass": false,
          "fail": true,
          "pending": false,
          "context": null,
          "code": "loginPage.login(URL, 'standard_user', 'secret_sauce');\nloginPage.assertLogin();\ndashboardPage.sauceLabsBackpack();\nklikBtnRem.remItem();",
          "err": {
            "message": "AssertionError: Timed out retrying after 4000ms: Expected to find element: `#remove-sauce-labs-backpack`, but never found it.",
            "estack": "AssertionError: Timed out retrying after 4000ms: Expected to find element: `#remove-sauce-labs-backpack`, but never found it.\n    at klikButtonRemove.remItem (https://www.saucedemo.com/__cypress/tests?p=cypress\\integration\\login.ts:205:12)\n    at Context.eval (https://www.saucedemo.com/__cypress/tests?p=cypress\\integration\\login.ts:131:16)",
            "diff": null
          },
          "uuid": "337c485a-3655-4298-b165-45b7f04ad628",
          "parentUUID": "0583dca4-961f-4314-827b-ff8555e4b63e",
          "isHook": false,
          "skipped": false
        }
      ],
      "suites": [],
      "passes": [
        "40c7ce16-88cd-43d6-a089-aa5d3287c264",
        "f7051395-6b4f-4853-b161-4c523d809f18",
        "53514e99-1996-43df-9868-43659d3889da",
        "c5fedef6-c9d7-4774-8ebe-0a04cf68ab42"
      ],
      "failures": [
        "337c485a-3655-4298-b165-45b7f04ad628"
      ],
      "pending": [],
      "skipped": [],
      "duration": 21569,
      "root": true,
      "rootEmpty": false,
      "_timeout": 2000
    }
  ],
  "meta": {
    "mocha": {
      "version": "7.0.1"
    },
    "mochawesome": {
      "options": {
        "quiet": false,
        "reportFilename": "mochawesome",
        "saveHtml": false,
        "saveJson": true,
        "consoleReporter": "spec",
        "useInlineDiffs": false,
        "code": true
      },
      "version": "7.1.3"
    },
    "marge": {
      "options": {
        "chart": true,
        "overwrite": false,
        "html": false,
        "json": true,
        "reportDir": "cypress/reports"
      },
      "version": "6.2.0"
    }
  }
}