{
  "stats": {
    "suites": 0,
    "tests": 4,
    "passes": 3,
    "pending": 0,
    "failures": 1,
    "start": "2023-02-26T07:13:42.807Z",
    "end": "2023-02-26T07:14:21.146Z",
    "duration": 38339,
    "testsRegistered": 4,
    "passPercent": 75,
    "pendingPercent": 0,
    "other": 0,
    "hasOther": false,
    "skipped": 0,
    "hasSkipped": false
  },
  "results": [
    {
      "uuid": "f39a6c07-b914-4d1f-bea2-a349dbeb7b9b",
      "title": "",
      "fullFile": "cypress/integration/login.ts",
      "file": "cypress/integration/login.ts",
      "beforeHooks": [],
      "afterHooks": [],
      "tests": [
        {
          "title": "Test LOGIN",
          "fullTitle": "Test LOGIN",
          "timedOut": null,
          "duration": 6056,
          "state": "passed",
          "speed": "medium",
          "pass": true,
          "fail": false,
          "pending": false,
          "context": null,
          "code": "loginPage.login(URL, 'standard_user', 'secret_sauce');\nloginPage.assertLogin();",
          "err": {},
          "uuid": "0b17818f-4945-416d-8233-90b85177d198",
          "parentUUID": "f39a6c07-b914-4d1f-bea2-a349dbeb7b9b",
          "isHook": false,
          "skipped": false
        },
        {
          "title": "Test Sauce Demo Invalid Password",
          "fullTitle": "Test Sauce Demo Invalid Password",
          "timedOut": null,
          "duration": 2900,
          "state": "passed",
          "speed": "fast",
          "pass": true,
          "fail": false,
          "pending": false,
          "context": null,
          "code": "loginPage.login(URL, 'standard_user', 'invalidPass');\nloginPage.assertLoginFail();",
          "err": {},
          "uuid": "1b1aa3d4-d970-42eb-a21d-84437d296da3",
          "parentUUID": "f39a6c07-b914-4d1f-bea2-a349dbeb7b9b",
          "isHook": false,
          "skipped": false
        },
        {
          "title": "Test Sauce Demo Sauce labs product backpack",
          "fullTitle": "Test Sauce Demo Sauce labs product backpack",
          "timedOut": null,
          "duration": 3875,
          "state": "passed",
          "speed": "fast",
          "pass": true,
          "fail": false,
          "pending": false,
          "context": null,
          "code": "loginPage.login(URL, 'standard_user', 'secret_sauce');\nloginPage.assertLogin();\ndashboardPage.sauceLabsBackpack();",
          "err": {},
          "uuid": "370cb080-b9cd-407a-8b5a-184d04588e27",
          "parentUUID": "f39a6c07-b914-4d1f-bea2-a349dbeb7b9b",
          "isHook": false,
          "skipped": false
        },
        {
          "title": "Test Sauce Demo Sauce labs add to cart product backpack",
          "fullTitle": "Test Sauce Demo Sauce labs add to cart product backpack",
          "timedOut": null,
          "duration": 18697,
          "state": "failed",
          "speed": null,
          "pass": false,
          "fail": true,
          "pending": false,
          "context": null,
          "code": "loginPage.login(URL, 'standard_user', 'secret_sauce');\nloginPage.assertLogin();\ndashboardPage.sauceLabsBackpack();\naddTocart.addItem();",
          "err": {
            "message": "AssertionError: Timed out retrying after 4000ms: Expected to find content: '#add-to-cart-sauce-labs-backpack' but never did.",
            "estack": "AssertionError: Timed out retrying after 4000ms: Expected to find content: '#add-to-cart-sauce-labs-backpack' but never did.\n    at addToCart.addItem (https://www.saucedemo.com/__cypress/tests?p=cypress\\integration\\login.ts:146:12)\n    at Context.eval (https://www.saucedemo.com/__cypress/tests?p=cypress\\integration\\login.ts:123:15)",
            "diff": null
          },
          "uuid": "c9435414-67bb-4741-b687-32d73dca83ef",
          "parentUUID": "f39a6c07-b914-4d1f-bea2-a349dbeb7b9b",
          "isHook": false,
          "skipped": false
        }
      ],
      "suites": [],
      "passes": [
        "0b17818f-4945-416d-8233-90b85177d198",
        "1b1aa3d4-d970-42eb-a21d-84437d296da3",
        "370cb080-b9cd-407a-8b5a-184d04588e27"
      ],
      "failures": [
        "c9435414-67bb-4741-b687-32d73dca83ef"
      ],
      "pending": [],
      "skipped": [],
      "duration": 31528,
      "root": true,
      "rootEmpty": false,
      "_timeout": 2000
    }
  ],
  "meta": {
    "mocha": {
      "version": "7.0.1"
    },
    "mochawesome": {
      "options": {
        "quiet": false,
        "reportFilename": "mochawesome",
        "saveHtml": false,
        "saveJson": true,
        "consoleReporter": "spec",
        "useInlineDiffs": false,
        "code": true
      },
      "version": "7.1.3"
    },
    "marge": {
      "options": {
        "chart": true,
        "overwrite": false,
        "html": false,
        "json": true,
        "reportDir": "cypress/reports"
      },
      "version": "6.2.0"
    }
  }
}